<?xml version="1.0" encoding="UTF-8"?>
<testng-results ignored="0" total="6" passed="5" failed="1" skipped="0">
  <reporter-output>
  </reporter-output>
  <suite started-at="2020-11-02T15:56:40 ART" name="Default suite" finished-at="2020-11-02T15:56:50 ART" duration-ms="9820">
    <groups>
    </groups>
    <test started-at="2020-11-02T15:56:40 ART" name="Default test" finished-at="2020-11-02T15:56:50 ART" duration-ms="9820">
      <class name="CompraGamer">
        <test-method is-config="true" signature="launchBrowser()[pri:0, instance:CompraGamer@77167fb7]" started-at="2020-11-02T15:56:40 ART" name="launchBrowser" finished-at="2020-11-02T15:56:43 ART" duration-ms="3356" status="PASS">
          <reporter-output>
          </reporter-output>
        </test-method> <!-- launchBrowser -->
        <test-method signature="loadPage()[pri:1, instance:CompraGamer@77167fb7]" started-at="2020-11-02T15:56:43 ART" name="loadPage" finished-at="2020-11-02T15:56:45 ART" duration-ms="1789" status="PASS">
          <reporter-output>
          </reporter-output>
        </test-method> <!-- loadPage -->
        <test-method signature="closePopUp()[pri:2, instance:CompraGamer@77167fb7]" started-at="2020-11-02T15:56:45 ART" name="closePopUp" finished-at="2020-11-02T15:56:48 ART" duration-ms="3109" status="PASS">
          <reporter-output>
          </reporter-output>
        </test-method> <!-- closePopUp -->
        <test-method signature="pcSelector()[pri:3, instance:CompraGamer@77167fb7]" started-at="2020-11-02T15:56:48 ART" name="pcSelector" finished-at="2020-11-02T15:56:49 ART" duration-ms="449" status="PASS">
          <reporter-output>
          </reporter-output>
        </test-method> <!-- pcSelector -->
        <test-method signature="amdSelector()[pri:4, instance:CompraGamer@77167fb7]" started-at="2020-11-02T15:56:49 ART" name="amdSelector" finished-at="2020-11-02T15:56:49 ART" duration-ms="553" status="PASS">
          <reporter-output>
          </reporter-output>
        </test-method> <!-- amdSelector -->
        <test-method signature="motherSelector()[pri:6, instance:CompraGamer@77167fb7]" started-at="2020-11-02T15:56:49 ART" name="motherSelector" finished-at="2020-11-02T15:56:50 ART" duration-ms="537" status="PASS">
          <reporter-output>
          </reporter-output>
        </test-method> <!-- motherSelector -->
        <test-method signature="finishTest()[pri:7, instance:CompraGamer@77167fb7]" started-at="2020-11-02T15:56:50 ART" name="finishTest" finished-at="2020-11-02T15:56:50 ART" duration-ms="1" status="FAIL">
          <exception class="java.lang.AssertionError">
            <message>
              <![CDATA[expected [null] but found [ChromeDriver: chrome on WINDOWS (e570cb42826c4e72633cc3f39afaee04)]]]>
            </message>
            <full-stacktrace>
              <![CDATA[java.lang.AssertionError: expected [null] but found [ChromeDriver: chrome on WINDOWS (e570cb42826c4e72633cc3f39afaee04)]
at org.testng.Assert.fail(Assert.java:99)
at org.testng.Assert.failNotSame(Assert.java:1033)
at org.testng.Assert.assertNull(Assert.java:965)
at org.testng.Assert.assertNull(Assert.java:953)
at CompraGamer.finishTest(CompraGamer.java:73)
at java.base/jdk.internal.reflect.NativeMethodAccessorImpl.invoke0(Native Method)
at java.base/jdk.internal.reflect.NativeMethodAccessorImpl.invoke(NativeMethodAccessorImpl.java:62)
at java.base/jdk.internal.reflect.DelegatingMethodAccessorImpl.invoke(DelegatingMethodAccessorImpl.java:43)
at java.base/java.lang.reflect.Method.invoke(Method.java:567)
at org.testng.internal.MethodInvocationHelper.invokeMethod(MethodInvocationHelper.java:132)
at org.testng.internal.TestInvoker.invokeMethod(TestInvoker.java:599)
at org.testng.internal.TestInvoker.invokeTestMethod(TestInvoker.java:174)
at org.testng.internal.MethodRunner.runInSequence(MethodRunner.java:46)
at org.testng.internal.TestInvoker$MethodInvocationAgent.invoke(TestInvoker.java:822)
at org.testng.internal.TestInvoker.invokeTestMethods(TestInvoker.java:147)
at org.testng.internal.TestMethodWorker.invokeTestMethods(TestMethodWorker.java:146)
at org.testng.internal.TestMethodWorker.run(TestMethodWorker.java:128)
at java.base/java.util.ArrayList.forEach(ArrayList.java:1507)
at org.testng.TestRunner.privateRun(TestRunner.java:764)
at org.testng.TestRunner.run(TestRunner.java:585)
at org.testng.SuiteRunner.runTest(SuiteRunner.java:384)
at org.testng.SuiteRunner.runSequentially(SuiteRunner.java:378)
at org.testng.SuiteRunner.privateRun(SuiteRunner.java:337)
at org.testng.SuiteRunner.run(SuiteRunner.java:286)
at org.testng.SuiteRunnerWorker.runSuite(SuiteRunnerWorker.java:53)
at org.testng.SuiteRunnerWorker.run(SuiteRunnerWorker.java:96)
at org.testng.TestNG.runSuitesSequentially(TestNG.java:1218)
at org.testng.TestNG.runSuitesLocally(TestNG.java:1140)
at org.testng.TestNG.runSuites(TestNG.java:1069)
at org.testng.TestNG.run(TestNG.java:1037)
at org.testng.remote.AbstractRemoteTestNG.run(AbstractRemoteTestNG.java:115)
at org.testng.remote.RemoteTestNG.initAndRun(RemoteTestNG.java:251)
at org.testng.remote.RemoteTestNG.main(RemoteTestNG.java:77)
]]>
            </full-stacktrace>
          </exception> <!-- java.lang.AssertionError -->
          <reporter-output>
          </reporter-output>
        </test-method> <!-- finishTest -->
      </class> <!-- CompraGamer -->
    </test> <!-- Default test -->
  </suite> <!-- Default suite -->
</testng-results>
